# JRE version: OpenJDK Runtime Environment (8.0_76-b03) (build 1.8.0_76-release-b03)
# Java VM: OpenJDK 64-Bit Server VM (25.76-b03 mixed mode windows-amd64 compressed oops)
Heap:
 PSYoungGen      total 444416K, used 196392K [0x00000000e0000000, 0x0000000100000000, 0x0000000100000000)
  eden space 409600K, 39% used [0x00000000e0000000,0x00000000e9dd1f88,0x00000000f9000000)
  from space 34816K, 99% used [0x00000000f9000000,0x00000000fb1f83b0,0x00000000fb200000)
  to   space 44032K, 0% used [0x00000000fd500000,0x00000000fd500000,0x0000000100000000)
 ParOldGen       total 187392K, used 88084K [0x00000000a0000000, 0x00000000ab700000, 0x00000000e0000000)
  object space 187392K, 47% used [0x00000000a0000000,0x00000000a56053c0,0x00000000ab700000)
 Metaspace       used 73549K, capacity 78730K, committed 79000K, reserved 1118208K
  class space    used 9322K, capacity 10328K, committed 10392K, reserved 1048576K
GC Heap History (10 events):
Event: 2035.750 GC heap before
{Heap before GC invocations=19 (full 5):
 PSYoungGen      total 367104K, used 340992K [0x00000000e0000000, 0x00000000fda80000, 0x0000000100000000)
  eden space 340992K, 100% used [0x00000000e0000000,0x00000000f4d00000,0x00000000f4d00000)
  from space 26112K, 0% used [0x00000000fa400000,0x00000000fa400000,0x00000000fbd80000)
  to   space 29696K, 0% used [0x00000000fbd80000,0x00000000fbd80000,0x00000000fda80000)
 ParOldGen       total 187392K, used 80112K [0x00000000a0000000, 0x00000000ab700000, 0x00000000e0000000)
  object space 187392K, 42% used [0x00000000a0000000,0x00000000a4e3c020,0x00000000ab700000)
 Metaspace       used 62750K, capacity 67452K, committed 68248K, reserved 1107968K
  class space    used 8264K, capacity 9191K, committed 9368K, reserved 1048576K
Event: 2035.783 GC heap after
Heap after GC invocations=19 (full 5):
 PSYoungGen      total 434688K, used 19035K [0x00000000e0000000, 0x00000000fd680000, 0x0000000100000000)
  eden space 409088K, 0% used [0x00000000e0000000,0x00000000e0000000,0x00000000f8f80000)
  from space 25600K, 74% used [0x00000000fbd80000,0x00000000fd016ea8,0x00000000fd680000)
  to   space 36352K, 0% used [0x00000000f8f80000,0x00000000f8f80000,0x00000000fb300000)
 ParOldGen       total 187392K, used 80120K [0x00000000a0000000, 0x00000000ab700000, 0x00000000e0000000)
  object space 187392K, 42% used [0x00000000a0000000,0x00000000a4e3e020,0x00000000ab700000)
 Metaspace       used 62750K, capacity 67452K, committed 68248K, reserved 1107968K
  class space    used 8264K, capacity 9191K, committed 9368K, reserved 1048576K
}
Event: 2705.625 GC heap before
{Heap before GC invocations=20 (full 5):
 PSYoungGen      total 434688K, used 305940K [0x00000000e0000000, 0x00000000fd680000, 0x0000000100000000)
  eden space 409088K, 70% used [0x00000000e0000000,0x00000000f182e4e0,0x00000000f8f80000)
  from space 25600K, 74% used [0x00000000fbd80000,0x00000000fd016ea8,0x00000000fd680000)
  to   space 36352K, 0% used [0x00000000f8f80000,0x00000000f8f80000,0x00000000fb300000)
 ParOldGen       total 187392K, used 80120K [0x00000000a0000000, 0x00000000ab700000, 0x00000000e0000000)
  object space 187392K, 42% used [0x00000000a0000000,0x00000000a4e3e020,0x00000000ab700000)
 Metaspace       used 63758K, capacity 68744K, committed 69400K, reserved 1110016K
  class space    used 8366K, capacity 9323K, committed 9496K, reserved 1048576K
Event: 2705.662 GC heap after
Heap after GC invocations=20 (full 5):
 PSYoungGen      total 428032K, used 18901K [0x00000000e0000000, 0x00000000fd480000, 0x0000000100000000)
  eden space 409088K, 0% used [0x00000000e0000000,0x00000000e0000000,0x00000000f8f80000)
  from space 18944K, 99% used [0x00000000f8f80000,0x00000000fa1f56d8,0x00000000fa200000)
  to   space 35328K, 0% used [0x00000000fb200000,0x00000000fb200000,0x00000000fd480000)
 ParOldGen       total 187392K, used 80128K [0x00000000a0000000, 0x00000000ab700000, 0x00000000e0000000)
  object space 187392K, 42% used [0x00000000a0000000,0x00000000a4e40020,0x00000000ab700000)
 Metaspace       used 63758K, capacity 68744K, committed 69400K, reserved 1110016K
  class space    used 8366K, capacity 9323K, committed 9496K, reserved 1048576K
}
Event: 2705.662 GC heap before
{Heap before GC invocations=21 (full 6):
 PSYoungGen      total 428032K, used 18901K [0x00000000e0000000, 0x00000000fd480000, 0x0000000100000000)
  eden space 409088K, 0% used [0x00000000e0000000,0x00000000e0000000,0x00000000f8f80000)
  from space 18944K, 99% used [0x00000000f8f80000,0x00000000fa1f56d8,0x00000000fa200000)
  to   space 35328K, 0% used [0x00000000fb200000,0x00000000fb200000,0x00000000fd480000)
 ParOldGen       total 187392K, used 80128K [0x00000000a0000000, 0x00000000ab700000, 0x00000000e0000000)
  object space 187392K, 42% used [0x00000000a0000000,0x00000000a4e40020,0x00000000ab700000)
 Metaspace       used 63758K, capacity 68744K, committed 69400K, reserved 1110016K
  class space    used 8366K, capacity 9323K, committed 9496K, reserved 1048576K
Event: 2706.552 GC heap after
Heap after GC invocations=21 (full 6):
 PSYoungGen      total 428032K, used 0K [0x00000000e0000000, 0x00000000fd480000, 0x0000000100000000)
  eden space 409088K, 0% used [0x00000000e0000000,0x00000000e0000000,0x00000000f8f80000)
  from space 18944K, 0% used [0x00000000f8f80000,0x00000000f8f80000,0x00000000fa200000)
  to   space 35328K, 0% used [0x00000000fb200000,0x00000000fb200000,0x00000000fd480000)
 ParOldGen       total 187392K, used 75852K [0x00000000a0000000, 0x00000000ab700000, 0x00000000e0000000)
  object space 187392K, 40% used [0x00000000a0000000,0x00000000a4a13230,0x00000000ab700000)
 Metaspace       used 62434K, capacity 67352K, committed 69400K, reserved 1110016K
  class space    used 8253K, capacity 9183K, committed 9496K, reserved 1048576K
}
Event: 2823.878 GC heap before
{Heap before GC invocations=22 (full 6):
 PSYoungGen      total 428032K, used 409088K [0x00000000e0000000, 0x00000000fd480000, 0x0000000100000000)
  eden space 409088K, 100% used [0x00000000e0000000,0x00000000f8f80000,0x00000000f8f80000)
  from space 18944K, 0% used [0x00000000f8f80000,0x00000000f8f80000,0x00000000fa200000)
  to   space 35328K, 0% used [0x00000000fb200000,0x00000000fb200000,0x00000000fd480000)
 ParOldGen       total 187392K, used 75852K [0x00000000a0000000, 0x00000000ab700000, 0x00000000e0000000)
  object space 187392K, 40% used [0x00000000a0000000,0x00000000a4a13230,0x00000000ab700000)
 Metaspace       used 63077K, capacity 68198K, committed 69400K, reserved 1110016K
  class space    used 8300K, capacity 9236K, committed 9496K, reserved 1048576K
Event: 2823.925 GC heap after
Heap after GC invocations=22 (full 6):
 PSYoungGen      total 444928K, used 9408K [0x00000000e0000000, 0x0000000100000000, 0x0000000100000000)
  eden space 409600K, 0% used [0x00000000e0000000,0x00000000e0000000,0x00000000f9000000)
  from space 35328K, 26% used [0x00000000fb200000,0x00000000fbb30020,0x00000000fd480000)
  to   space 34816K, 0% used [0x00000000f9000000,0x00000000f9000000,0x00000000fb200000)
 ParOldGen       total 187392K, used 75860K [0x00000000a0000000, 0x00000000ab700000, 0x00000000e0000000)
  object space 187392K, 40% used [0x00000000a0000000,0x00000000a4a15230,0x00000000ab700000)
 Metaspace       used 63077K, capacity 68198K, committed 69400K, reserved 1110016K
  class space    used 8300K, capacity 9236K, committed 9496K, reserved 1048576K
}
Event: 2854.828 GC heap before
{Heap before GC invocations=23 (full 6):
 PSYoungGen      total 444928K, used 419008K [0x00000000e0000000, 0x0000000100000000, 0x0000000100000000)
  eden space 409600K, 100% used [0x00000000e0000000,0x00000000f9000000,0x00000000f9000000)
  from space 35328K, 26% used [0x00000000fb200000,0x00000000fbb30020,0x00000000fd480000)
  to   space 34816K, 0% used [0x00000000f9000000,0x00000000f9000000,0x00000000fb200000)
 ParOldGen       total 187392K, used 75860K [0x00000000a0000000, 0x00000000ab700000, 0x00000000e0000000)
  object space 187392K, 40% used [0x00000000a0000000,0x00000000a4a15230,0x00000000ab700000)
 Metaspace       used 69462K, capacity 74650K, committed 75160K, reserved 1114112K
  class space    used 8987K, capacity 9994K, committed 10136K, reserved 1048576K
Event: 2854.891 GC heap after
Heap after GC invocations=23 (full 6):
 PSYoungGen      total 444416K, used 34784K [0x00000000e0000000, 0x0000000100000000, 0x0000000100000000)
  eden space 409600K, 0% used [0x00000000e0000000,0x00000000e0000000,0x00000000f9000000)
  from space 34816K, 99% used [0x00000000f9000000,0x00000000fb1f83b0,0x00000000fb200000)
  to   space 44032K, 0% used [0x00000000fd500000,0x00000000fd500000,0x0000000100000000)
 ParOldGen       total 187392K, used 88084K [0x00000000a0000000, 0x00000000ab700000, 0x00000000e0000000)
  object space 187392K, 47% used [0x00000000a0000000,0x00000000a56053c0,0x00000000ab700000)
 Metaspace       used 69462K, capacity 74650K, committed 75160K, reserved 1114112K
  class space    used 8987K, capacity 9994K, committed 10136K, reserved 1048576K
}

